./gradlew run
> Task :generateEffectiveLombokConfig UP-TO-DATE
> Task :compileJava
> Task :processResources NO-SOURCE
> Task :classes

> Task :run
[main] INFO io.javalin.Javalin - JAVALIN HANDLER REGISTRATION DEBUG LOG: GET[/users/build]
[main] INFO io.javalin.Javalin - JAVALIN HANDLER REGISTRATION DEBUG LOG: POST[/users]
[main] INFO io.javalin.Javalin - JAVALIN HANDLER REGISTRATION DEBUG LOG: GET[/users/{id}]
[main] INFO io.javalin.Javalin - Starting Javalin ...
[main] INFO org.eclipse.jetty.server.Server - jetty-11.0.20; built: 2024-01-29T21:04:22.394Z; git: 922f8dc188f7011e60d0361de585fd4ac4d63064; jvm 18.0.2+9-61
[main] INFO org.eclipse.jetty.server.session.DefaultSessionIdManager - Session workerName=node0
[main] INFO org.eclipse.jetty.server.handler.ContextHandler - Started o.e.j.s.ServletContextHandler@38afe297{/,null,AVAILABLE}
[main] INFO org.eclipse.jetty.server.AbstractConnector - Started ServerConnector@60611244{HTTP/1.1, (http/1.1)}{0.0.0.0:7070}
[main] INFO org.eclipse.jetty.server.Server - Started Server@7219ec67{STARTING}[11.0.20,sto=0] @392ms
[main] INFO io.javalin.Javalin - 
       __                  ___           _____
      / /___ __   ______ _/ (_)___      / ___/
 __  / / __ `/ | / / __ `/ / / __ \    / __ \
/ /_/ / /_/ /| |/ / /_/ / / / / / /   / /_/ /
\____/\__,_/ |___/\__,_/_/_/_/ /_/    \____/

       https://javalin.io/documentation

[main] INFO io.javalin.Javalin - Javalin started in 199ms \o/
[main] INFO io.javalin.Javalin - Listening on http://localhost:7070/
[main] INFO io.javalin.Javalin - You are running Javalin 6.1.3 (released March 2, 2024).
[JettyServerThreadPool-38] INFO io.javalin.Javalin - JAVALIN REQUEST DEBUG LOG:
Request: GET [/users/1]
    Matching endpoint-handlers: java.util.stream.ReferencePipeline$3@369ce5c7
    Headers: {Cookie=token=UKYrKG0KjA, Accept=text/html,application/xhtml+xml,application/xml;q=0.9,image/avif,image/webp,*/*;q=0.8, Upgrade-Insecure-Requests=1, User-Agent=Mozilla/5.0 (Windows NT 10.0; Win64; x64; rv:123.0) Gecko/20100101 Firefox/123.0, Connection=keep-alive, Sec-Fetch-Dest=document, Sec-Fetch-Site=none, Host=localhost:7070, Sec-Fetch-User=?1, Accept-Language=en-US,en;q=0.5, Accept-Encoding=gzip, deflate, br, Sec-Fetch-Mode=navigate}
    Cookies: {token=UKYrKG0KjA}
    Body: 
    QueryString: null
    QueryParams: {}
    FormParams: {}
Response: [302 Found], execution took 12.38 ms
    Headers: {Date=Sun, 24 Mar 2024 20:40:40 GMT, Content-Type=text/plain, Location=/users/build}
    Body is 10 bytes (starts on next line):
    Redirected
----------------------------------------------------------------------------------
[JettyServerThreadPool-24] INFO io.javalin.Javalin - JAVALIN REQUEST DEBUG LOG:
Request: GET [/users/build]
    Matching endpoint-handlers: java.util.stream.ReferencePipeline$3@2fbd09e9
    Headers: {Cookie=token=UKYrKG0KjA, Accept=text/html,application/xhtml+xml,application/xml;q=0.9,image/avif,image/webp,*/*;q=0.8, Upgrade-Insecure-Requests=1, User-Agent=Mozilla/5.0 (Windows NT 10.0; Win64; x64; rv:123.0) Gecko/20100101 Firefox/123.0, Connection=keep-alive, Sec-Fetch-Dest=document, Sec-Fetch-Site=none, Host=localhost:7070, Sec-Fetch-User=?1, Accept-Language=en-US,en;q=0.5, Accept-Encoding=gzip, deflate, br, Sec-Fetch-Mode=navigate}
    Cookies: {token=UKYrKG0KjA}
    Body: 
    QueryString: null
    QueryParams: {}
    FormParams: {}
Response: [200 OK], execution took 434.66 ms
    Headers: {Content-Encoding=gzip, Date=Sun, 24 Mar 2024 20:40:40 GMT, Content-Type=text/html}
    Body is gzipped (1808 bytes, not logged)
----------------------------------------------------------------------------------
[JettyServerThreadPool-36] INFO io.javalin.Javalin - JAVALIN REQUEST DEBUG LOG:
Request: GET [/users/26]
    Matching endpoint-handlers: java.util.stream.ReferencePipeline$3@540bdd55
    Headers: {Cookie=token=UKYrKG0KjA, Accept=text/html,application/xhtml+xml,application/xml;q=0.9,image/avif,image/webp,*/*;q=0.8, Upgrade-Insecure-Requests=1, User-Agent=Mozilla/5.0 (Windows NT 10.0; Win64; x64; rv:123.0) Gecko/20100101 Firefox/123.0, Connection=keep-alive, Sec-Fetch-Dest=document, Sec-Fetch-Site=none, Host=localhost:7070, Sec-Fetch-User=?1, Accept-Language=en-US,en;q=0.5, Accept-Encoding=gzip, deflate, br, Sec-Fetch-Mode=navigate}
    Cookies: {token=UKYrKG0KjA}
    Body: 
    QueryString: null
    QueryParams: {}
    FormParams: {}
Response: [302 Found], execution took 1.04 ms
    Headers: {Date=Sun, 24 Mar 2024 20:40:44 GMT, Content-Type=text/plain, Location=/users/build}
    Body is 10 bytes (starts on next line):
    Redirected
----------------------------------------------------------------------------------
[JettyServerThreadPool-38] INFO io.javalin.Javalin - JAVALIN REQUEST DEBUG LOG:
Request: GET [/users/build]
    Matching endpoint-handlers: java.util.stream.ReferencePipeline$3@25d48499
    Headers: {Cookie=token=UKYrKG0KjA, Accept=text/html,application/xhtml+xml,application/xml;q=0.9,image/avif,image/webp,*/*;q=0.8, Upgrade-Insecure-Requests=1, User-Agent=Mozilla/5.0 (Windows NT 10.0; Win64; x64; rv:123.0) Gecko/20100101 Firefox/123.0, Connection=keep-alive, Sec-Fetch-Dest=document, Sec-Fetch-Site=none, Host=localhost:7070, Sec-Fetch-User=?1, Accept-Language=en-US,en;q=0.5, Accept-Encoding=gzip, deflate, br, Sec-Fetch-Mode=navigate}
    Cookies: {token=UKYrKG0KjA}
    Body: 
    QueryString: null
    QueryParams: {}
    FormParams: {}
Response: [200 OK], execution took 0.56 ms
    Headers: {Content-Encoding=gzip, Date=Sun, 24 Mar 2024 20:40:44 GMT, Content-Type=text/html}
    Body is gzipped (1808 bytes, not logged)
----------------------------------------------------------------------------------
[JettyServerThreadPool-36] INFO io.javalin.Javalin - JAVALIN REQUEST DEBUG LOG:
Request: POST [/users]
    Matching endpoint-handlers: java.util.stream.ReferencePipeline$3@250dc1d0
    Headers: {Origin=http://localhost:7070, Cookie=token=UKYrKG0KjA, Accept=text/html,application/xhtml+xml,application/xml;q=0.9,image/avif,image/webp,*/*;q=0.8, User-Agent=Mozilla/5.0 (Windows NT 10.0; Win64; x64; rv:123.0) Gecko/20100101 Firefox/123.0, Connection=keep-alive, Referer=http://localhost:7070/users/build, Sec-Fetch-Dest=document, Sec-Fetch-Site=same-origin, Host=localhost:7070, Accept-Encoding=gzip, deflate, br, Sec-Fetch-Mode=navigate, Upgrade-Insecure-Requests=1, Sec-Fetch-User=?1, Accept-Language=en-US,en;q=0.5, Content-Length=61, Content-Type=application/x-www-form-urlencoded}
    Cookies: {token=UKYrKG0KjA}
    Body: firstName=1&lastName=2&email=konick.gs%40gmail.com&password=1
    QueryString: null
    QueryParams: {}
    FormParams: {firstName=[1], lastName=[2], email=[konick.gs@gmail.com], password=[1]}
Response: [302 Found], execution took 3.22 ms
    Headers: {Set-Cookie=token=eEFwSdmvwo; Path=/, Expires=Thu, 01 Jan 1970 00:00:00 GMT, Date=Sun, 24 Mar 2024 20:40:51 GMT, Content-Type=text/plain, Location=/users/1}
    Body is 10 bytes (starts on next line):
    Redirected
----------------------------------------------------------------------------------
[JettyServerThreadPool-38] INFO io.javalin.Javalin - JAVALIN REQUEST DEBUG LOG:
Request: GET [/users/1]
    Matching endpoint-handlers: java.util.stream.ReferencePipeline$3@4c26156d
    Headers: {Cookie=token=eEFwSdmvwo, Accept=text/html,application/xhtml+xml,application/xml;q=0.9,image/avif,image/webp,*/*;q=0.8, User-Agent=Mozilla/5.0 (Windows NT 10.0; Win64; x64; rv:123.0) Gecko/20100101 Firefox/123.0, Referer=http://localhost:7070/users/build, Connection=keep-alive, Sec-Fetch-Dest=document, Sec-Fetch-Site=same-origin, Host=localhost:7070, Accept-Encoding=gzip, deflate, br, Sec-Fetch-Mode=navigate, Upgrade-Insecure-Requests=1, Sec-Fetch-User=?1, Accept-Language=en-US,en;q=0.5}
    Cookies: {token=eEFwSdmvwo}
    Body: 
    QueryString: null
    QueryParams: {}
    FormParams: {}
Response: [200 OK], execution took 171.14 ms
    Headers: {Date=Sun, 24 Mar 2024 20:40:51 GMT, Content-Type=text/html}
    Body is 915 bytes (starts on next line):
    

<html lang="en">
  <head>
    <meta charset="utf-8" />
    <meta name="viewport" content="width=device-width, initial-scale=1" />
    <link href="https://cdn.jsdelivr.net/npm/bootstrap@5.1.0/dist/css/bootstrap.min.css"
            rel="stylesheet"
            integrity="sha384-KyZXEAg3QhqLMpG8r+8fhAXLRk2vvoC2f3B09zVXn8CA5QIVfZOJ3BCsw2P0p/We"
            crossorigin="anonymous">
    <title>Hello Hexlet!</title>
    </head>
    <body>
        
        <div class="mx-auto p-4 py-md-5">
            <div class="mb-3">
                Имя: 1
            </div>
            <div class="mb-3">
                Фамилия: 2
            </div>
            <div class="mb-3">
                Email: konick.gs@gmail.com
            </div>
        </div>
    

        <footer>
            <a href="users/build">
                Зарегистрировать нового пользователя
            </a>
        </footer>
    </body>
</html>


----------------------------------------------------------------------------------
[JettyServerThreadPool-36] INFO io.javalin.Javalin - JAVALIN REQUEST DEBUG LOG:
Request: GET [/users/1]
    Matching endpoint-handlers: java.util.stream.ReferencePipeline$3@4140ca46
    Headers: {Cookie=token=eEFwSdmvwo, Accept=text/html,application/xhtml+xml,application/xml;q=0.9,image/avif,image/webp,*/*;q=0.8, Upgrade-Insecure-Requests=1, User-Agent=Mozilla/5.0 (Windows NT 10.0; Win64; x64; rv:123.0) Gecko/20100101 Firefox/123.0, Connection=keep-alive, Sec-Fetch-Dest=document, Sec-Fetch-Site=none, Host=localhost:7070, Sec-Fetch-User=?1, Accept-Language=en-US,en;q=0.5, Accept-Encoding=gzip, deflate, br, Sec-Fetch-Mode=navigate}
    Cookies: {token=eEFwSdmvwo}
    Body: 
    QueryString: null
    QueryParams: {}
    FormParams: {}
Response: [200 OK], execution took 0.80 ms
    Headers: {Date=Sun, 24 Mar 2024 20:40:54 GMT, Content-Type=text/html}
    Body is 915 bytes (starts on next line):
    

<html lang="en">
  <head>
    <meta charset="utf-8" />
    <meta name="viewport" content="width=device-width, initial-scale=1" />
    <link href="https://cdn.jsdelivr.net/npm/bootstrap@5.1.0/dist/css/bootstrap.min.css"
            rel="stylesheet"
            integrity="sha384-KyZXEAg3QhqLMpG8r+8fhAXLRk2vvoC2f3B09zVXn8CA5QIVfZOJ3BCsw2P0p/We"
            crossorigin="anonymous">
    <title>Hello Hexlet!</title>
    </head>
    <body>
        
        <div class="mx-auto p-4 py-md-5">
            <div class="mb-3">
                Имя: 1
            </div>
            <div class="mb-3">
                Фамилия: 2
            </div>
            <div class="mb-3">
                Email: konick.gs@gmail.com
            </div>
        </div>
    

        <footer>
            <a href="users/build">
                Зарегистрировать нового пользователя
            </a>
        </footer>
    </body>
</html>


----------------------------------------------------------------------------------
[JettyServerThreadPool-38] INFO io.javalin.Javalin - JAVALIN REQUEST DEBUG LOG:
Request: GET [/users/26]
    Matching endpoint-handlers: java.util.stream.ReferencePipeline$3@5d7579fa
    Headers: {Cookie=token=eEFwSdmvwo, Accept=text/html,application/xhtml+xml,application/xml;q=0.9,image/avif,image/webp,*/*;q=0.8, Upgrade-Insecure-Requests=1, User-Agent=Mozilla/5.0 (Windows NT 10.0; Win64; x64; rv:123.0) Gecko/20100101 Firefox/123.0, Connection=keep-alive, Sec-Fetch-Dest=document, Sec-Fetch-Site=none, Host=localhost:7070, Sec-Fetch-User=?1, Accept-Language=en-US,en;q=0.5, Accept-Encoding=gzip, deflate, br, Sec-Fetch-Mode=navigate}
    Cookies: {token=eEFwSdmvwo}
    Body: 
    QueryString: null
    QueryParams: {}
    FormParams: {}
Response: [302 Found], execution took 0.29 ms
    Headers: {Date=Sun, 24 Mar 2024 20:40:56 GMT, Content-Type=text/plain, Location=/users/build}
    Body is 10 bytes (starts on next line):
    Redirected
----------------------------------------------------------------------------------
[JettyServerThreadPool-36] INFO io.javalin.Javalin - JAVALIN REQUEST DEBUG LOG:
Request: GET [/users/build]
    Matching endpoint-handlers: java.util.stream.ReferencePipeline$3@788dd54
    Headers: {Cookie=token=eEFwSdmvwo, Accept=text/html,application/xhtml+xml,application/xml;q=0.9,image/avif,image/webp,*/*;q=0.8, Upgrade-Insecure-Requests=1, User-Agent=Mozilla/5.0 (Windows NT 10.0; Win64; x64; rv:123.0) Gecko/20100101 Firefox/123.0, Connection=keep-alive, Sec-Fetch-Dest=document, Sec-Fetch-Site=none, Host=localhost:7070, Sec-Fetch-User=?1, Accept-Language=en-US,en;q=0.5, Accept-Encoding=gzip, deflate, br, Sec-Fetch-Mode=navigate}
    Cookies: {token=eEFwSdmvwo}
    Body: 
    QueryString: null
    QueryParams: {}
    FormParams: {}
Response: [200 OK], execution took 0.54 ms
    Headers: {Content-Encoding=gzip, Date=Sun, 24 Mar 2024 20:40:56 GMT, Content-Type=text/html}
    Body is gzipped (1808 bytes, not logged)
----------------------------------------------------------------------------------
[JettyServerThreadPool-38] INFO io.javalin.Javalin - JAVALIN REQUEST DEBUG LOG:
Request: POST [/users]
    Matching endpoint-handlers: java.util.stream.ReferencePipeline$3@12f8d5a
    Headers: {Origin=http://localhost:7070, Cookie=token=eEFwSdmvwo, Accept=text/html,application/xhtml+xml,application/xml;q=0.9,image/avif,image/webp,*/*;q=0.8, User-Agent=Mozilla/5.0 (Windows NT 10.0; Win64; x64; rv:123.0) Gecko/20100101 Firefox/123.0, Connection=keep-alive, Referer=http://localhost:7070/users/build, Sec-Fetch-Dest=document, Sec-Fetch-Site=same-origin, Host=localhost:7070, Accept-Encoding=gzip, deflate, br, Sec-Fetch-Mode=navigate, Upgrade-Insecure-Requests=1, Sec-Fetch-User=?1, Accept-Language=en-US,en;q=0.5, Content-Length=61, Content-Type=application/x-www-form-urlencoded}
    Cookies: {token=eEFwSdmvwo}
    Body: firstName=2&lastName=3&email=konick.gs%40gmail.com&password=1
    QueryString: null
    QueryParams: {}
    FormParams: {firstName=[2], lastName=[3], email=[konick.gs@gmail.com], password=[1]}
Response: [302 Found], execution took 0.93 ms
    Headers: {Set-Cookie=token=RpncqQGORn; Path=/, Expires=Thu, 01 Jan 1970 00:00:00 GMT, Date=Sun, 24 Mar 2024 20:41:08 GMT, Content-Type=text/plain, Location=/users/2}
    Body is 10 bytes (starts on next line):
    Redirected
----------------------------------------------------------------------------------
[JettyServerThreadPool-36] INFO io.javalin.Javalin - JAVALIN REQUEST DEBUG LOG:
Request: GET [/users/2]
    Matching endpoint-handlers: java.util.stream.ReferencePipeline$3@62fc226e
    Headers: {Cookie=token=RpncqQGORn, Accept=text/html,application/xhtml+xml,application/xml;q=0.9,image/avif,image/webp,*/*;q=0.8, User-Agent=Mozilla/5.0 (Windows NT 10.0; Win64; x64; rv:123.0) Gecko/20100101 Firefox/123.0, Referer=http://localhost:7070/users/build, Connection=keep-alive, Sec-Fetch-Dest=document, Sec-Fetch-Site=same-origin, Host=localhost:7070, Accept-Encoding=gzip, deflate, br, Sec-Fetch-Mode=navigate, Upgrade-Insecure-Requests=1, Sec-Fetch-User=?1, Accept-Language=en-US,en;q=0.5}
    Cookies: {token=RpncqQGORn}
    Body: 
    QueryString: null
    QueryParams: {}
    FormParams: {}
Response: [200 OK], execution took 0.40 ms
    Headers: {Date=Sun, 24 Mar 2024 20:41:08 GMT, Content-Type=text/html}
    Body is 915 bytes (starts on next line):
    

<html lang="en">
  <head>
    <meta charset="utf-8" />
    <meta name="viewport" content="width=device-width, initial-scale=1" />
    <link href="https://cdn.jsdelivr.net/npm/bootstrap@5.1.0/dist/css/bootstrap.min.css"
            rel="stylesheet"
            integrity="sha384-KyZXEAg3QhqLMpG8r+8fhAXLRk2vvoC2f3B09zVXn8CA5QIVfZOJ3BCsw2P0p/We"
            crossorigin="anonymous">
    <title>Hello Hexlet!</title>
    </head>
    <body>
        
        <div class="mx-auto p-4 py-md-5">
            <div class="mb-3">
                Имя: 2
            </div>
            <div class="mb-3">
                Фамилия: 3
            </div>
            <div class="mb-3">
                Email: konick.gs@gmail.com
            </div>
        </div>
    

        <footer>
            <a href="users/build">
                Зарегистрировать нового пользователя
            </a>
        </footer>
    </body>
</html>


----------------------------------------------------------------------------------
make: *** [Makefile:5: start] Error 130
